<?xml version="1.0" encoding="UTF-8"?>
<!-- Generated by org.testng.reporters.JUnitReportReporter -->
<testsuite hostname="Aiswaryas-MacBook-Pro.local" failures="0" tests="1" name="org.vapasi.AppTest" time="0.005" errors="0" timestamp="18 Nov 2021 07:09:35 GMT" skipped="0">
  <testcase classname="org.vapasi.AppTest" name="shouldAnswerWithTrue" time="0.005"/>
</testsuite> <!-- org.vapasi.AppTest -->
